<?xml version="1.0" encoding="UTF-8"?>
<testng-results ignored="0" total="1" passed="1" failed="0" skipped="0">
  <reporter-output>
  </reporter-output>
  <suite started-at="2021-04-19T12:46:05 NZST" name="Default suite" finished-at="2021-04-19T12:46:13 NZST" duration-ms="7751">
    <groups>
    </groups>
    <test started-at="2021-04-19T12:46:05 NZST" name="Default test" finished-at="2021-04-19T12:46:13 NZST" duration-ms="7751">
      <class name="myMavTestProj.TestCase4PlanitTestClass">
        <test-method signature="testShopPage()[pri:0, instance:myMavTestProj.TestCase4PlanitTestClass@124c278f]" started-at="2021-04-19T12:46:06 NZST" name="testShopPage" finished-at="2021-04-19T12:46:13 NZST" duration-ms="7722" status="PASS">
          <reporter-output>
          </reporter-output>
        </test-method> <!-- testShopPage -->
      </class> <!-- myMavTestProj.TestCase4PlanitTestClass -->
    </test> <!-- Default test -->
  </suite> <!-- Default suite -->
</testng-results>
